[2026-06-17 14:14:40Z INFO HostContext] No proxy settings were found based on environmental variables (http_proxy/https_proxy/HTTP_PROXY/HTTPS_PROXY)
[2026-06-17 14:14:40Z INFO HostContext] Well known directory 'Bin': 'D:\I4\CTP_Software_Engineering\demo\demo\actions-runner\bin'
[2026-06-17 14:14:40Z INFO HostContext] Well known directory 'Root': 'D:\I4\CTP_Software_Engineering\demo\demo\actions-runner'
[2026-06-17 14:14:40Z INFO HostContext] Well known config file 'Credentials': 'D:\I4\CTP_Software_Engineering\demo\demo\actions-runner\.credentials'
[2026-06-17 14:14:40Z INFO HostContext] Well known directory 'Bin': 'D:\I4\CTP_Software_Engineering\demo\demo\actions-runner\bin'
[2026-06-17 14:14:40Z INFO HostContext] Well known directory 'Root': 'D:\I4\CTP_Software_Engineering\demo\demo\actions-runner'
[2026-06-17 14:14:40Z INFO HostContext] Well known config file 'Runner': 'D:\I4\CTP_Software_Engineering\demo\demo\actions-runner\.runner'
[2026-06-17 14:14:40Z INFO Listener] Runner is built for Windows (X64) - win-x64.
[2026-06-17 14:14:40Z INFO Listener] RuntimeInformation: Microsoft Windows 10.0.26200.
[2026-06-17 14:14:40Z INFO Listener] Version: 2.335.1
[2026-06-17 14:14:40Z INFO Listener] Commit: 7d737449ef346f6524f75688d0c9c95fa10ba10a
[2026-06-17 14:14:40Z INFO Listener] Culture: en-US
[2026-06-17 14:14:40Z INFO Listener] UI Culture: en-US
[2026-06-17 14:14:40Z INFO HostContext] Well known directory 'Bin': 'D:\I4\CTP_Software_Engineering\demo\demo\actions-runner\bin'
[2026-06-17 14:14:40Z INFO HostContext] Well known directory 'Root': 'D:\I4\CTP_Software_Engineering\demo\demo\actions-runner'
[2026-06-17 14:14:40Z INFO Listener] Validating directory permissions for: 'D:\I4\CTP_Software_Engineering\demo\demo\actions-runner'
[2026-06-17 14:14:40Z INFO CommandLineParser] Parse
[2026-06-17 14:14:40Z INFO CommandLineParser] Parsing 5 args
[2026-06-17 14:14:40Z INFO CommandLineParser] parsing argument
[2026-06-17 14:14:40Z INFO CommandLineParser] HasArgs: False
[2026-06-17 14:14:40Z INFO CommandLineParser] Adding Command: configure
[2026-06-17 14:14:40Z INFO CommandLineParser] parsing argument
[2026-06-17 14:14:40Z INFO CommandLineParser] HasArgs: True
[2026-06-17 14:14:40Z INFO CommandLineParser] arg: url
[2026-06-17 14:14:40Z INFO CommandLineParser] parsing argument
[2026-06-17 14:14:40Z INFO CommandLineParser] HasArgs: True
[2026-06-17 14:14:40Z INFO CommandLineParser] Adding option 'url': 'https://github.com/Nget-Darapich/DevOps'
[2026-06-17 14:14:40Z INFO CommandLineParser] parsing argument
[2026-06-17 14:14:40Z INFO CommandLineParser] HasArgs: True
[2026-06-17 14:14:40Z INFO CommandLineParser] arg: token
[2026-06-17 14:14:40Z INFO CommandLineParser] parsing argument
[2026-06-17 14:14:40Z INFO CommandLineParser] HasArgs: True
[2026-06-17 14:14:40Z INFO CommandLineParser] Adding option 'token': '***'
[2026-06-17 14:14:40Z INFO Listener] Arguments parsed
[2026-06-17 14:14:40Z INFO Runner] ExecuteCommand
[2026-06-17 14:14:40Z INFO ConfigurationStore] currentAssemblyLocation: D:\I4\CTP_Software_Engineering\demo\demo\actions-runner\bin\Runner.Listener.dll
[2026-06-17 14:14:40Z INFO HostContext] Well known directory 'Bin': 'D:\I4\CTP_Software_Engineering\demo\demo\actions-runner\bin'
[2026-06-17 14:14:40Z INFO ConfigurationStore] binPath: D:\I4\CTP_Software_Engineering\demo\demo\actions-runner\bin
[2026-06-17 14:14:40Z INFO HostContext] Well known directory 'Bin': 'D:\I4\CTP_Software_Engineering\demo\demo\actions-runner\bin'
[2026-06-17 14:14:40Z INFO HostContext] Well known directory 'Root': 'D:\I4\CTP_Software_Engineering\demo\demo\actions-runner'
[2026-06-17 14:14:40Z INFO ConfigurationStore] RootFolder: D:\I4\CTP_Software_Engineering\demo\demo\actions-runner
[2026-06-17 14:14:40Z INFO HostContext] Well known directory 'Bin': 'D:\I4\CTP_Software_Engineering\demo\demo\actions-runner\bin'
[2026-06-17 14:14:40Z INFO HostContext] Well known directory 'Root': 'D:\I4\CTP_Software_Engineering\demo\demo\actions-runner'
[2026-06-17 14:14:40Z INFO HostContext] Well known config file 'Runner': 'D:\I4\CTP_Software_Engineering\demo\demo\actions-runner\.runner'
[2026-06-17 14:14:40Z INFO ConfigurationStore] ConfigFilePath: D:\I4\CTP_Software_Engineering\demo\demo\actions-runner\.runner
[2026-06-17 14:14:40Z INFO HostContext] Well known directory 'Bin': 'D:\I4\CTP_Software_Engineering\demo\demo\actions-runner\bin'
[2026-06-17 14:14:40Z INFO HostContext] Well known directory 'Root': 'D:\I4\CTP_Software_Engineering\demo\demo\actions-runner'
[2026-06-17 14:14:40Z INFO HostContext] Well known config file 'MigratedRunner': 'D:\I4\CTP_Software_Engineering\demo\demo\actions-runner\.runner_migrated'
[2026-06-17 14:14:40Z INFO ConfigurationStore] MigratedConfigFilePath: D:\I4\CTP_Software_Engineering\demo\demo\actions-runner\.runner_migrated
[2026-06-17 14:14:40Z INFO HostContext] Well known directory 'Bin': 'D:\I4\CTP_Software_Engineering\demo\demo\actions-runner\bin'
[2026-06-17 14:14:40Z INFO HostContext] Well known directory 'Root': 'D:\I4\CTP_Software_Engineering\demo\demo\actions-runner'
[2026-06-17 14:14:40Z INFO HostContext] Well known config file 'Credentials': 'D:\I4\CTP_Software_Engineering\demo\demo\actions-runner\.credentials'
[2026-06-17 14:14:40Z INFO ConfigurationStore] CredFilePath: D:\I4\CTP_Software_Engineering\demo\demo\actions-runner\.credentials
[2026-06-17 14:14:40Z INFO HostContext] Well known directory 'Bin': 'D:\I4\CTP_Software_Engineering\demo\demo\actions-runner\bin'
[2026-06-17 14:14:40Z INFO HostContext] Well known directory 'Root': 'D:\I4\CTP_Software_Engineering\demo\demo\actions-runner'
[2026-06-17 14:14:40Z INFO HostContext] Well known config file 'MigratedCredentials': 'D:\I4\CTP_Software_Engineering\demo\demo\actions-runner\.credentials_migrated'
[2026-06-17 14:14:40Z INFO ConfigurationStore] MigratedCredFilePath: D:\I4\CTP_Software_Engineering\demo\demo\actions-runner\.credentials_migrated
[2026-06-17 14:14:40Z INFO HostContext] Well known directory 'Bin': 'D:\I4\CTP_Software_Engineering\demo\demo\actions-runner\bin'
[2026-06-17 14:14:40Z INFO HostContext] Well known directory 'Root': 'D:\I4\CTP_Software_Engineering\demo\demo\actions-runner'
[2026-06-17 14:14:40Z INFO HostContext] Well known config file 'Service': 'D:\I4\CTP_Software_Engineering\demo\demo\actions-runner\.service'
[2026-06-17 14:14:40Z INFO ConfigurationStore] ServiceConfigFilePath: D:\I4\CTP_Software_Engineering\demo\demo\actions-runner\.service
[2026-06-17 14:14:40Z INFO CommandSettings] Flag 'help': 'False'
[2026-06-17 14:14:40Z INFO CommandSettings] Flag 'version': 'False'
[2026-06-17 14:14:40Z INFO CommandSettings] Flag 'commit': 'False'
[2026-06-17 14:14:40Z INFO CommandSettings] Flag 'check': 'False'
[2026-06-17 14:14:40Z INFO CommandSettings] Command 'configure': 'True'
[2026-06-17 14:14:40Z INFO Terminal] WRITE LINE: 
[2026-06-17 14:14:40Z INFO Terminal] WRITE LINE: --------------------------------------------------------------------------------
[2026-06-17 14:14:40Z INFO Terminal] WRITE LINE: |        ____ _ _   _   _       _          _        _   _                      |
[2026-06-17 14:14:40Z INFO Terminal] WRITE LINE: |       / ___(_) |_| | | |_   _| |__      / \   ___| |_(_) ___  _ __  ___      |
[2026-06-17 14:14:40Z INFO Terminal] WRITE LINE: |      | |  _| | __| |_| | | | | '_ \    / _ \ / __| __| |/ _ \| '_ \/ __|     |
[2026-06-17 14:14:40Z INFO Terminal] WRITE LINE: |      | |_| | | |_|  _  | |_| | |_) |  / ___ \ (__| |_| | (_) | | | \__ \     |
[2026-06-17 14:14:40Z INFO Terminal] WRITE LINE: |       \____|_|\__|_| |_|\__,_|_.__/  /_/   \_\___|\__|_|\___/|_| |_|___/     |
[2026-06-17 14:14:40Z INFO Terminal] WRITE LINE: |                                                                              |
[2026-06-17 14:14:40Z INFO Terminal] WRITE: |                       
[2026-06-17 14:14:40Z INFO Terminal] WRITE: Self-hosted runner registration
[2026-06-17 14:14:40Z INFO Terminal] WRITE LINE:                         |
[2026-06-17 14:14:40Z INFO Terminal] WRITE LINE: |                                                                              |
[2026-06-17 14:14:40Z INFO Terminal] WRITE LINE: --------------------------------------------------------------------------------
[2026-06-17 14:14:40Z INFO ConfigurationManager] ConfigureAsync
[2026-06-17 14:14:40Z INFO CommandSettings] Flag 'generateServiceConfig': 'False'
[2026-06-17 14:14:40Z INFO ConfigurationStore] IsConfigured()
[2026-06-17 14:14:40Z INFO ConfigurationStore] IsConfigured: False
[2026-06-17 14:14:40Z INFO ConfigurationManager] Is configured: False
[2026-06-17 14:14:40Z INFO CommandSettings] Arg 'url': 'https://github.com/Nget-Darapich/DevOps'
[2026-06-17 14:14:40Z INFO CommandSettings] Remove url from Arg dictionary.
[2026-06-17 14:14:40Z INFO CommandSettings] Arg 'token': '***'
[2026-06-17 14:14:40Z INFO CommandSettings] Remove token from Arg dictionary.
[2026-06-17 14:14:40Z INFO ConfigurationManager] Http response code: OK from 'POST https://api.github.com/actions/runner-registration' (F157:E82D:141759D:1571790:6A32ABD2)
[2026-06-17 14:14:41Z INFO ConfigurationManager] Using runner-admin flow: False
[2026-06-17 14:14:41Z INFO ConfigurationManager] cred retrieved via GitHub auth
[2026-06-17 14:14:41Z INFO RunnerServer] EstablishVssConnection
[2026-06-17 14:14:41Z INFO RunnerServer] Establish connection with 100 seconds timeout.
[2026-06-17 14:14:41Z INFO GitHubActionsService] Starting operation Location.GetConnectionData
[2026-06-17 14:14:41Z INFO RunnerServer] EstablishVssConnection
[2026-06-17 14:14:41Z INFO RunnerServer] Establish connection with 60 seconds timeout.
[2026-06-17 14:14:41Z INFO GitHubActionsService] Starting operation Location.GetConnectionData
[2026-06-17 14:14:41Z INFO RunnerServer] EstablishVssConnection
[2026-06-17 14:14:41Z INFO RunnerServer] Establish connection with 60 seconds timeout.
[2026-06-17 14:14:41Z INFO GitHubActionsService] Starting operation Location.GetConnectionData
[2026-06-17 14:14:42Z INFO GitHubActionsService] Finished operation Location.GetConnectionData
[2026-06-17 14:14:42Z INFO GitHubActionsService] Finished operation Location.GetConnectionData
[2026-06-17 14:14:42Z INFO GitHubActionsService] Finished operation Location.GetConnectionData
[2026-06-17 14:14:43Z INFO Terminal] WRITE LINE: 
[2026-06-17 14:14:43Z INFO ConfigurationManager] Test Connection complete.
[2026-06-17 14:14:43Z INFO HostContext] Well known directory 'Bin': 'D:\I4\CTP_Software_Engineering\demo\demo\actions-runner\bin'
[2026-06-17 14:14:43Z INFO HostContext] Well known directory 'Root': 'D:\I4\CTP_Software_Engineering\demo\demo\actions-runner'
[2026-06-17 14:14:43Z INFO HostContext] Well known config file 'RSACredentials': 'D:\I4\CTP_Software_Engineering\demo\demo\actions-runner\.credentials_rsaparams'
[2026-06-17 14:14:43Z INFO RSAEncryptedFileKeyManager] Creating new RSA key using 2048-bit key length
[2026-06-17 14:14:43Z INFO RSAEncryptedFileKeyManager] Successfully saved RSA key parameters to file D:\I4\CTP_Software_Engineering\demo\demo\actions-runner\.credentials_rsaparams
[2026-06-17 14:14:43Z INFO CommandSettings] Arg 'runnergroup': ''
[2026-06-17 14:14:43Z INFO CommandSettings] Flag 'unattended': 'False'
[2026-06-17 14:14:43Z INFO PromptManager] ReadValue
[2026-06-17 14:14:43Z INFO Terminal] WRITE: Enter the name of the runner group to add this runner to: 
[2026-06-17 14:14:43Z INFO Terminal] WRITE: [press Enter for Default] 
[2026-06-17 14:14:43Z INFO Terminal] READ LINE
[2026-06-17 14:14:56Z INFO Terminal] Read value: ''
[2026-06-17 14:14:56Z INFO PromptManager] Falling back to the default: 'Default'
[2026-06-17 14:14:56Z INFO Terminal] WRITE LINE: 
[2026-06-17 14:14:56Z INFO ConfigurationManager] Found a self-hosted runner group with id 1 and name Default
[2026-06-17 14:14:56Z INFO CommandSettings] Flag 'disableupdate': 'False'
[2026-06-17 14:14:56Z INFO CommandSettings] Flag 'ephemeral': 'False'
[2026-06-17 14:14:56Z INFO CommandSettings] Arg 'name': ''
[2026-06-17 14:14:56Z INFO CommandSettings] Flag 'unattended': 'False'
[2026-06-17 14:14:56Z INFO PromptManager] ReadValue
[2026-06-17 14:14:56Z INFO Terminal] WRITE: Enter the name of runner: 
[2026-06-17 14:14:56Z INFO Terminal] WRITE: [press Enter for DARAPICH-NGET] 
[2026-06-17 14:14:56Z INFO Terminal] READ LINE
[2026-06-17 14:14:59Z INFO Terminal] Read value: ''
[2026-06-17 14:14:59Z INFO PromptManager] Falling back to the default: 'DARAPICH-NGET'
[2026-06-17 14:14:59Z INFO Terminal] WRITE LINE: 
[2026-06-17 14:14:59Z INFO CommandSettings] Arg 'labels': ''
[2026-06-17 14:14:59Z INFO CommandSettings] Flag 'unattended': 'False'
[2026-06-17 14:14:59Z INFO PromptManager] ReadValue
[2026-06-17 14:14:59Z INFO Terminal] WRITE: This runner will have the following labels: 'self-hosted', 'Windows', 'X64' 
Enter any additional labels (ex. label-1,label-2): 
[2026-06-17 14:14:59Z INFO Terminal] WRITE: [press Enter to skip] 
[2026-06-17 14:14:59Z INFO Terminal] READ LINE
[2026-06-17 14:15:09Z INFO Terminal] Read value: ''
[2026-06-17 14:15:09Z INFO Terminal] WRITE LINE: 
[2026-06-17 14:15:09Z INFO CommandSettings] Flag 'disableupdate': 'False'
[2026-06-17 14:15:09Z INFO CommandSettings] Flag 'no-default-labels': 'False'
[2026-06-17 14:15:10Z INFO CommandSettings] Flag 'disableupdate': 'False'
[2026-06-17 14:15:10Z INFO CommandSettings] Flag 'ephemeral': 'False'
[2026-06-17 14:15:10Z INFO ConfigurationStore] Saving OAuth credential @ D:\I4\CTP_Software_Engineering\demo\demo\actions-runner\.credentials
[2026-06-17 14:15:10Z INFO ConfigurationStore] Credentials Saved.
[2026-06-17 14:15:10Z INFO ConfigurationManager] Service enforced serverUrlV2: https://broker.actions.githubusercontent.com/
[2026-06-17 14:15:10Z INFO ConfigurationManager] Service enforced useV2Flow: True
[2026-06-17 14:15:10Z INFO CommandSettings] Arg 'work': ''
[2026-06-17 14:15:10Z INFO CommandSettings] Flag 'unattended': 'False'
[2026-06-17 14:15:10Z INFO PromptManager] ReadValue
[2026-06-17 14:15:10Z INFO Terminal] WRITE: Enter name of work folder: 
[2026-06-17 14:15:10Z INFO Terminal] WRITE: [press Enter for _work] 
[2026-06-17 14:15:10Z INFO Terminal] READ LINE
[2026-06-17 14:15:13Z INFO Terminal] Read value: './run.cmd'
[2026-06-17 14:15:13Z INFO ConfigurationStore] Saving runner settings.
[2026-06-17 14:15:13Z INFO ConfigurationStore] Settings Saved.
[2026-06-17 14:15:13Z INFO Terminal] WRITE LINE: 
[2026-06-17 14:15:13Z INFO Terminal] WRITE LINE: 
[2026-06-17 14:15:13Z INFO CommandSettings] Flag 'runasservice': 'False'
[2026-06-17 14:15:13Z INFO CommandSettings] Flag 'unattended': 'False'
[2026-06-17 14:15:13Z INFO PromptManager] ReadValue
[2026-06-17 14:15:13Z INFO Terminal] WRITE: Would you like to run the runner as service? (Y/N) 
[2026-06-17 14:15:13Z INFO Terminal] WRITE: [press Enter for N] 
[2026-06-17 14:15:13Z INFO Terminal] READ LINE
[2026-06-17 14:15:47Z INFO Terminal] Read value: 'N'
[2026-06-17 14:15:47Z INFO Listener] Runner execution has finished with return code 0
